<?xml version="1.0" encoding="utf-8"?>
<test-run id="2" testcasecount="11" result="Passed" total="11" passed="11" failed="0" inconclusive="0" skipped="0" asserts="0" engine-version="3.5.0.0" clr-version="4.0.30319.42000" start-time="2026-08-16 18:52:38Z" end-time="2026-08-16 18:52:38Z" duration="0.4824814">
  <test-suite type="TestSuite" id="1000" name="Turing Simulator" fullname="Turing Simulator" runstate="Runnable" testcasecount="11" result="Passed" start-time="2026-08-16 18:52:38Z" end-time="2026-08-16 18:52:38Z" duration="0.482481" total="11" passed="11" failed="0" inconclusive="0" skipped="0" asserts="0">
    <properties>
      <property name="platform" value="EditMode" />
    </properties>
    <test-suite type="Assembly" id="1015" name="EditModeTests.dll" fullname="/home/johannes/TuringSimulator/Library/ScriptAssemblies/EditModeTests.dll" runstate="Runnable" testcasecount="11" result="Passed" start-time="2026-08-16 18:52:38Z" end-time="2026-08-16 18:52:38Z" duration="0.448733" total="11" passed="11" failed="0" inconclusive="0" skipped="0" asserts="0">
      <properties>
        <property name="_PID" value="18220" />
        <property name="_APPDOMAIN" value="Unity Child Domain" />
        <property name="platform" value="EditMode" />
        <property name="EditorOnly" value="True" />
      </properties>
      <test-suite type="TestSuite" id="1016" name="EditModeTests" fullname="EditModeTests" runstate="Runnable" testcasecount="11" result="Passed" start-time="2026-08-16 18:52:38Z" end-time="2026-08-16 18:52:38Z" duration="0.443478" total="11" passed="11" failed="0" inconclusive="0" skipped="0" asserts="0">
        <properties />
        <test-suite type="TestFixture" id="1001" name="GraphToProgramCompilerTests" fullname="EditModeTests.GraphToProgramCompilerTests" classname="EditModeTests.GraphToProgramCompilerTests" runstate="Runnable" testcasecount="5" result="Passed" start-time="2026-08-16 18:52:38Z" end-time="2026-08-16 18:52:38Z" duration="0.204361" total="5" passed="5" failed="0" inconclusive="0" skipped="0" asserts="0">
          <properties />
          <test-case id="1005" name="Accept_WithOutgoingWire_Fails" fullname="EditModeTests.GraphToProgramCompilerTests.Accept_WithOutgoingWire_Fails" methodname="Accept_WithOutgoingWire_Fails" classname="EditModeTests.GraphToProgramCompilerTests" runstate="Runnable" seed="934343516" result="Passed" start-time="2026-08-16 18:52:38Z" end-time="2026-08-16 18:52:38Z" duration="0.032330" asserts="0">
            <properties>
              <property name="retryIteration" value="0" />
              <property name="repeatIteration" value="0" />
            </properties>
          </test-case>
          <test-case id="1003" name="Cycle_WriteMoveLoop_Compiles" fullname="EditModeTests.GraphToProgramCompilerTests.Cycle_WriteMoveLoop_Compiles" methodname="Cycle_WriteMoveLoop_Compiles" classname="EditModeTests.GraphToProgramCompilerTests" runstate="Runnable" seed="927976113" result="Passed" start-time="2026-08-16 18:52:38Z" end-time="2026-08-16 18:52:38Z" duration="0.034231" asserts="0">
            <properties>
              <property name="retryIteration" value="0" />
              <property name="repeatIteration" value="0" />
            </properties>
          </test-case>
          <test-case id="1004" name="Disconnected_Block_Fails" fullname="EditModeTests.GraphToProgramCompilerTests.Disconnected_Block_Fails" methodname="Disconnected_Block_Fails" classname="EditModeTests.GraphToProgramCompilerTests" runstate="Runnable" seed="457381712" result="Passed" start-time="2026-08-16 18:52:38Z" end-time="2026-08-16 18:52:38Z" duration="0.002215" asserts="0">
            <properties>
              <property name="retryIteration" value="0" />
              <property name="repeatIteration" value="0" />
            </properties>
          </test-case>
          <test-case id="1002" name="Linear_WriteMoveAccept_Compiles" fullname="EditModeTests.GraphToProgramCompilerTests.Linear_WriteMoveAccept_Compiles" methodname="Linear_WriteMoveAccept_Compiles" classname="EditModeTests.GraphToProgramCompilerTests" runstate="Runnable" seed="1470261763" result="Passed" start-time="2026-08-16 18:52:38Z" end-time="2026-08-16 18:52:38Z" duration="0.003540" asserts="0">
            <properties>
              <property name="retryIteration" value="0" />
              <property name="repeatIteration" value="0" />
            </properties>
          </test-case>
          <test-case id="1006" name="Terminal_Move_WithoutAccept_CompilesToNonFinalSink" fullname="EditModeTests.GraphToProgramCompilerTests.Terminal_Move_WithoutAccept_CompilesToNonFinalSink" methodname="Terminal_Move_WithoutAccept_CompilesToNonFinalSink" classname="EditModeTests.GraphToProgramCompilerTests" runstate="Runnable" seed="426288763" result="Passed" start-time="2026-08-16 18:52:38Z" end-time="2026-08-16 18:52:38Z" duration="0.001716" asserts="0">
            <properties>
              <property name="retryIteration" value="0" />
              <property name="repeatIteration" value="0" />
            </properties>
          </test-case>
        </test-suite>
        <test-suite type="TestFixture" id="1007" name="ProgramBlockConnectivityTests" fullname="EditModeTests.ProgramBlockConnectivityTests" classname="EditModeTests.ProgramBlockConnectivityTests" runstate="Runnable" testcasecount="3" result="Passed" start-time="2026-08-16 18:52:38Z" end-time="2026-08-16 18:52:38Z" duration="0.208150" total="3" passed="3" failed="0" inconclusive="0" skipped="0" asserts="0">
          <properties />
          <test-case id="1010" name="Rebuild_AfterDisconnect_SplitsComponents" fullname="EditModeTests.ProgramBlockConnectivityTests.Rebuild_AfterDisconnect_SplitsComponents" methodname="Rebuild_AfterDisconnect_SplitsComponents" classname="EditModeTests.ProgramBlockConnectivityTests" runstate="Runnable" seed="1867527459" result="Passed" start-time="2026-08-16 18:52:38Z" end-time="2026-08-16 18:52:38Z" duration="0.116325" asserts="0">
            <properties>
              <property name="retryIteration" value="0" />
              <property name="repeatIteration" value="0" />
            </properties>
          </test-case>
          <test-case id="1008" name="Union_MergesIntoSameComponent" fullname="EditModeTests.ProgramBlockConnectivityTests.Union_MergesIntoSameComponent" methodname="Union_MergesIntoSameComponent" classname="EditModeTests.ProgramBlockConnectivityTests" runstate="Runnable" seed="722877924" result="Passed" start-time="2026-08-16 18:52:38Z" end-time="2026-08-16 18:52:38Z" duration="0.032874" asserts="0">
            <properties>
              <property name="retryIteration" value="0" />
              <property name="repeatIteration" value="0" />
            </properties>
          </test-case>
          <test-case id="1009" name="Union_WithStart_TouchesStartForest" fullname="EditModeTests.ProgramBlockConnectivityTests.Union_WithStart_TouchesStartForest" methodname="Union_WithStart_TouchesStartForest" classname="EditModeTests.ProgramBlockConnectivityTests" runstate="Runnable" seed="881151833" result="Passed" start-time="2026-08-16 18:52:38Z" end-time="2026-08-16 18:52:38Z" duration="0.001247" asserts="0">
            <properties>
              <property name="retryIteration" value="0" />
              <property name="repeatIteration" value="0" />
            </properties>
          </test-case>
        </test-suite>
        <test-suite type="TestFixture" id="1011" name="ProgramGraphFingerprintTests" fullname="EditModeTests.ProgramGraphFingerprintTests" classname="EditModeTests.ProgramGraphFingerprintTests" runstate="Runnable" testcasecount="3" result="Passed" start-time="2026-08-16 18:52:38Z" end-time="2026-08-16 18:52:38Z" duration="0.024469" total="3" passed="3" failed="0" inconclusive="0" skipped="0" asserts="0">
          <properties />
          <test-case id="1013" name="Compute_Changes_WhenCardChanges" fullname="EditModeTests.ProgramGraphFingerprintTests.Compute_Changes_WhenCardChanges" methodname="Compute_Changes_WhenCardChanges" classname="EditModeTests.ProgramGraphFingerprintTests" runstate="Runnable" seed="245164834" result="Passed" start-time="2026-08-16 18:52:38Z" end-time="2026-08-16 18:52:38Z" duration="0.012717" asserts="0">
            <properties>
              <property name="retryIteration" value="0" />
              <property name="repeatIteration" value="0" />
            </properties>
          </test-case>
          <test-case id="1014" name="Compute_Changes_WhenEdgeDirectionChanges" fullname="EditModeTests.ProgramGraphFingerprintTests.Compute_Changes_WhenEdgeDirectionChanges" methodname="Compute_Changes_WhenEdgeDirectionChanges" classname="EditModeTests.ProgramGraphFingerprintTests" runstate="Runnable" seed="341814999" result="Passed" start-time="2026-08-16 18:52:38Z" end-time="2026-08-16 18:52:38Z" duration="0.004331" asserts="0">
            <properties>
              <property name="retryIteration" value="0" />
              <property name="repeatIteration" value="0" />
            </properties>
          </test-case>
          <test-case id="1012" name="Compute_IsOrderIndependent_ForNodesAndEdges" fullname="EditModeTests.ProgramGraphFingerprintTests.Compute_IsOrderIndependent_ForNodesAndEdges" methodname="Compute_IsOrderIndependent_ForNodesAndEdges" classname="EditModeTests.ProgramGraphFingerprintTests" runstate="Runnable" seed="991268718" result="Passed" start-time="2026-08-16 18:52:38Z" end-time="2026-08-16 18:52:38Z" duration="0.001371" asserts="0">
            <properties>
              <property name="retryIteration" value="0" />
              <property name="repeatIteration" value="0" />
            </properties>
            <output><![CDATA[Saving results to: /home/johannes/.config/unity3d/DefaultCompany/Turing Simulator/TestResults.xml
Saving results to: /home/johannes/.config/unity3d/DefaultCompany/Turing Simulator/TestResults.xml
]]></output>
          </test-case>
        </test-suite>
      </test-suite>
    </test-suite>
  </test-suite>
</test-run>